<?xml version="1.0" encoding="UTF-8"?>
<!-- Generated by org.testng.reporters.JUnitXMLReporter -->
<testsuite ignored="0" hostname="DESKTOP-S099K4I" failures="0" tests="3" name="Default test" time="90.545" errors="0" timestamp="2022-04-30T13:46:05 IST">
  <testcase classname="TestSuites.AppsTools" name="opurl" time="3.283"/>
  <testcase classname="TestSuites.AppsTools" name="lgn" time="59.972"/>
  <testcase classname="TestSuites.AppsTools" name="tools" time="20.48"/>
</testsuite> <!-- Default test -->
