<?xml version="1.0" encoding="UTF-8"?>
<!-- Generated by org.testng.reporters.JUnitXMLReporter -->
<testsuite ignored="0" hostname="LAPTOP-MAJDE5H5" failures="0" tests="3" name="SeleniumTesting" time="142.065" errors="0" timestamp="2022-04-13T22:20:05 IST">
  <testcase classname="TestSuites.AppsTools" name="opurl" time="2.22"/>
  <testcase classname="TestSuites.AppsTools" name="lgn" time="133.193"/>
  <testcase classname="TestSuites.AppsTools" name="tools" time="0.013"/>
</testsuite> <!-- SeleniumTesting -->
